2024-09-12 14:17:05 [restartedMain] INFO  kh.com.crossroads.Application - Starting Application using Java 1.8.0_401 on MDC-18134 with PID 32048 (D:\Then Rathrongroeung\My Project\Spring\cr-web-backend\target\classes started by 18134 in D:\Then Rathrongroeung\My Project\Spring\cr-web-backend)2024-09-12 14:17:05 [restartedMain] INFO  kh.com.crossroads.Application - No active profile set, falling back to default profiles: default2024-09-12 14:17:05 [restartedMain] INFO  o.s.b.d.e.DevToolsPropertyDefaultsPostProcessor - Devtools property defaults active! Set 'spring.devtools.add-properties' to 'false' to disable2024-09-12 14:17:05 [restartedMain] INFO  o.s.b.d.e.DevToolsPropertyDefaultsPostProcessor - For additional web related logging consider setting the 'logging.level.web' property to 'DEBUG'2024-09-12 14:17:05 [restartedMain] INFO  o.s.b.w.e.tomcat.TomcatWebServer - Tomcat initialized with port(s): 8080 (http)2024-09-12 14:17:05 [restartedMain] INFO  o.a.coyote.http11.Http11NioProtocol - Initializing ProtocolHandler ["http-nio-8080"]2024-09-12 14:17:05 [restartedMain] INFO  o.a.catalina.core.StandardService - Starting service [Tomcat]2024-09-12 14:17:05 [restartedMain] INFO  o.a.catalina.core.StandardEngine - Starting Servlet engine: [Apache Tomcat/9.0.43]2024-09-12 14:17:06 [restartedMain] INFO  o.a.c.c.C.[Tomcat].[localhost].[/] - Initializing Spring embedded WebApplicationContext2024-09-12 14:17:06 [restartedMain] INFO  o.s.b.w.s.c.ServletWebServerApplicationContext - Root WebApplicationContext: initialization completed in 817 ms2024-09-12 14:17:06 [restartedMain] INFO  o.s.s.c.ThreadPoolTaskExecutor - Initializing ExecutorService 'applicationTaskExecutor'2024-09-12 14:17:06 [restartedMain] INFO  o.s.b.d.a.OptionalLiveReloadServer - LiveReload server is running on port 357292024-09-12 14:17:06 [restartedMain] INFO  o.a.coyote.http11.Http11NioProtocol - Starting ProtocolHandler ["http-nio-8080"]2024-09-12 14:17:06 [restartedMain] INFO  o.s.b.w.e.tomcat.TomcatWebServer - Tomcat started on port(s): 8080 (http) with context path ''2024-09-12 14:17:06 [restartedMain] INFO  kh.com.crossroads.Application - Started Application in 1.958 seconds (JVM running for 2.785)2024-09-12 14:18:14 [http-nio-8080-exec-1] INFO  o.a.c.c.C.[Tomcat].[localhost].[/] - Initializing Spring DispatcherServlet 'dispatcherServlet'2024-09-12 14:18:14 [http-nio-8080-exec-1] INFO  o.s.web.servlet.DispatcherServlet - Initializing Servlet 'dispatcherServlet'2024-09-12 14:18:14 [http-nio-8080-exec-1] INFO  o.s.web.servlet.DispatcherServlet - Completed initialization in 1 ms2024-09-12 14:18:14 [http-nio-8080-exec-1] INFO  k.c.c.service.BackendService - =======> GetAllContentId Request: endpoint=/cr-web-backend/api/v1/getAllContentId
2024-09-12 14:18:14 [http-nio-8080-exec-1] WARN  org.postgresql.Driver - JDBC URL invalid port number: ${DB_PORT}2024-09-12 14:18:14 [http-nio-8080-exec-1] INFO  k.c.c.service.BackendService - =======> GetAllContentId Response: {"code":500,"message":"No suitable driver found for jdbc:postgresql://${DB_HOST}:${DB_PORT}/${DB_NAME}","data":null}
2024-09-12 14:18:20 [RMI TCP Connection(2)-127.0.0.1] INFO  o.s.b.a.SpringApplicationAdminMXBeanRegistrar$SpringApplicationAdmin - Application shutdown requested.2024-09-12 14:18:20 [RMI TCP Connection(2)-127.0.0.1] INFO  o.s.s.c.ThreadPoolTaskExecutor - Shutting down ExecutorService 'applicationTaskExecutor'2024-09-12 14:19:02 [restartedMain] INFO  kh.com.crossroads.Application - Starting Application using Java 1.8.0_401 on MDC-18134 with PID 25224 (D:\Then Rathrongroeung\My Project\Spring\cr-web-backend\target\classes started by 18134 in D:\Then Rathrongroeung\My Project\Spring\cr-web-backend)2024-09-12 14:19:02 [restartedMain] INFO  kh.com.crossroads.Application - No active profile set, falling back to default profiles: default2024-09-12 14:19:02 [restartedMain] INFO  o.s.b.d.e.DevToolsPropertyDefaultsPostProcessor - Devtools property defaults active! Set 'spring.devtools.add-properties' to 'false' to disable2024-09-12 14:19:02 [restartedMain] INFO  o.s.b.d.e.DevToolsPropertyDefaultsPostProcessor - For additional web related logging consider setting the 'logging.level.web' property to 'DEBUG'2024-09-12 14:19:02 [restartedMain] INFO  o.s.b.w.e.tomcat.TomcatWebServer - Tomcat initialized with port(s): 8080 (http)2024-09-12 14:19:02 [restartedMain] INFO  o.a.coyote.http11.Http11NioProtocol - Initializing ProtocolHandler ["http-nio-8080"]2024-09-12 14:19:02 [restartedMain] INFO  o.a.catalina.core.StandardService - Starting service [Tomcat]2024-09-12 14:19:02 [restartedMain] INFO  o.a.catalina.core.StandardEngine - Starting Servlet engine: [Apache Tomcat/9.0.43]2024-09-12 14:19:03 [restartedMain] INFO  o.a.c.c.C.[Tomcat].[localhost].[/] - Initializing Spring embedded WebApplicationContext2024-09-12 14:19:03 [restartedMain] INFO  o.s.b.w.s.c.ServletWebServerApplicationContext - Root WebApplicationContext: initialization completed in 709 ms2024-09-12 14:19:03 [restartedMain] INFO  o.s.s.c.ThreadPoolTaskExecutor - Initializing ExecutorService 'applicationTaskExecutor'2024-09-12 14:19:03 [restartedMain] INFO  o.s.b.d.a.OptionalLiveReloadServer - LiveReload server is running on port 357292024-09-12 14:19:03 [restartedMain] INFO  o.a.coyote.http11.Http11NioProtocol - Starting ProtocolHandler ["http-nio-8080"]2024-09-12 14:19:03 [restartedMain] INFO  o.s.b.w.e.tomcat.TomcatWebServer - Tomcat started on port(s): 8080 (http) with context path ''2024-09-12 14:19:03 [restartedMain] INFO  kh.com.crossroads.Application - Started Application in 1.669 seconds (JVM running for 2.378)2024-09-12 14:19:06 [http-nio-8080-exec-2] INFO  o.a.c.c.C.[Tomcat].[localhost].[/] - Initializing Spring DispatcherServlet 'dispatcherServlet'2024-09-12 14:19:06 [http-nio-8080-exec-2] INFO  o.s.web.servlet.DispatcherServlet - Initializing Servlet 'dispatcherServlet'2024-09-12 14:19:06 [http-nio-8080-exec-2] INFO  o.s.web.servlet.DispatcherServlet - Completed initialization in 1 ms2024-09-12 14:19:06 [http-nio-8080-exec-2] INFO  k.c.c.service.BackendService - =======> GetAllContentId Request: endpoint=/cr-web-backend/api/v1/getAllContentId
2024-09-12 14:19:06 [http-nio-8080-exec-2] INFO  k.c.c.service.BackendService - =======> GetAllContentId Response: {"code":200,"message":"Success","data":{"content_id":["01001001","01002001","01003001","01003002","01003003","01003004","01004001","01004002","01005001","01006001","01006002","01006003","01007001"]}}
2024-09-12 14:19:50 [http-nio-8080-exec-3] INFO  k.c.c.service.BackendService - =======> GetContentAllLangById Request: id=01008001
2024-09-12 14:19:50 [http-nio-8080-exec-3] INFO  k.c.c.service.BackendService - =======> GetContentAllLangById Response: {"code":404,"message":"Content ID not found","data":null}
2024-09-12 14:20:05 [http-nio-8080-exec-4] INFO  k.c.c.service.BackendService - =======> UpdateContentById Request: {
    "id": "01008001",
    "title": "Rebuilding Cambodia",
    "kh_title": "កសាងប្រទេសកម្ពុជាឡើងវិញ",
    "sub_title": "Love God. Love Others. Make Disciples",
    "kh_sub_title": "ស្រឡាញ់ព្រះ ស្រឡាញ់អ្នកដទៃ បង្កើតសិស្ស",
    "description": [],
    "media": [
        {
            "id": "md00001",
            "url": "https://crossroadscambodia.church:7000/cr-photos/About--Cover-001-(3200x2100).jpg",
            "name": "picture of boards"
        },
        {
            "id": "md00002",
            "url": "https://crossroadscambodia.church:7000/cr-photos/About--Cover-001-(3200x2100).jpg",
            "name": "picture of boards"
        },
        {
            "id": "md00003",
            "url": "https://crossroadscambodia.church:7000/cr-photos/About--Cover-001-(3200x2100).jpg",
            "name": "picture of boards"
        }
    ],
    "youtube": []
}
2024-09-12 14:20:05 [http-nio-8080-exec-4] INFO  k.c.c.service.BackendService - =======> UpdateContentById DB Script Request:
UPDATE tbl_content SET title = 'Rebuilding Cambodia', kh_title = 'កសាងប្រទេសកម្ពុជាឡើងវិញ', sub_title = 'Love God. Love Others. Make Disciples', kh_sub_title = 'ស្រឡាញ់ព្រះ ស្រឡាញ់អ្នកដទៃ បង្កើតសិស្ស' WHERE id = '01008001';UPDATE tbl_media SET url = 'https://crossroadscambodia.church:7000/cr-photos/About--Cover-001-(3200x2100).jpg', name = 'picture of boards' WHERE id = 'md00001' AND content_id = '01008001';UPDATE tbl_media SET url = 'https://crossroadscambodia.church:7000/cr-photos/About--Cover-001-(3200x2100).jpg', name = 'picture of boards' WHERE id = 'md00002' AND content_id = '01008001';UPDATE tbl_media SET url = 'https://crossroadscambodia.church:7000/cr-photos/About--Cover-001-(3200x2100).jpg', name = 'picture of boards' WHERE id = 'md00003' AND content_id = '01008001';
2024-09-12 14:20:05 [http-nio-8080-exec-4] INFO  k.c.c.service.BackendService - =======> UpdateContentById Response: {"code":200,"message":"No record found to update","data":null}
2024-09-12 14:23:18 [http-nio-8080-exec-7] INFO  k.c.c.service.BackendService - =======> GetContentAllLangById Request: id=01008001
2024-09-12 14:23:18 [http-nio-8080-exec-7] INFO  k.c.c.service.BackendService - =======> GetContentAllLangById Response: {"code":404,"message":"Content ID not found","data":null}
2024-09-12 14:23:38 [http-nio-8080-exec-8] INFO  k.c.c.service.BackendService - =======> AddNewContent Request: {
    "id": "01008001",
    "title": "Rebuilding Cambodia",
    "kh_title": "កសាងប្រទេសកម្ពុជាឡើងវិញ",
    "sub_title": "Love God. Love Others. Make Disciples",
    "kh_sub_title": "ស្រឡាញ់ព្រះ ស្រឡាញ់អ្នកដទៃ បង្កើតសិស្ស"
}
2024-09-12 14:23:38 [http-nio-8080-exec-8] INFO  k.c.c.service.BackendService - =======> UpdateContentById DB Script Request:
SELECT insert_into_tbl_content('01008001', 'Rebuilding Cambodia', 'កសាងប្រទេសកម្ពុជាឡើងវិញ', 'Love God. Love Others. Make Disciples', 'ស្រឡាញ់ព្រះ ស្រឡាញ់អ្នកដទៃ បង្កើតសិស្ស');
2024-09-12 14:23:38 [http-nio-8080-exec-8] INFO  k.c.c.service.BackendService - =======> DB Script Executed: SELECT insert_into_tbl_content('01008001', 'Rebuilding Cambodia', 'កសាងប្រទេសកម្ពុជាឡើងវិញ', 'Love God. Love Others. Make Disciples', 'ស្រឡាញ់ព្រះ ស្រឡាញ់អ្នកដទៃ បង្កើតសិស្ស')
2024-09-12 14:23:38 [http-nio-8080-exec-8] INFO  k.c.c.service.BackendService - =======> AddNewContent Response: {"code":200,"message":"Record added successfully","data":null}
2024-09-12 14:23:44 [http-nio-8080-exec-9] INFO  k.c.c.service.BackendService - =======> GetContentAllLangById Request: id=01008001
2024-09-12 14:23:45 [http-nio-8080-exec-9] INFO  k.c.c.service.BackendService - =======> GetContentAllLangById Response: {"code":200,"message":"Success","data":{"id":"01008001","title":"Rebuilding Cambodia","kh_title":"កសាងប្រទេសកម្ពុជាឡើងវិញ","sub_title":"Love God. Love Others. Make Disciples","kh_sub_title":"ស្រឡាញ់ព្រះ ស្រឡាញ់អ្នកដទៃ បង្កើតសិស្ស","description":[],"media":[],"youtube":[]}}
2024-09-12 14:23:51 [http-nio-8080-exec-10] INFO  k.c.c.service.BackendService - =======> AddNewContent Request: {
    "id": "01008001",
    "title": "Rebuilding Cambodia",
    "kh_title": "កសាងប្រទេសកម្ពុជាឡើងវិញ",
    "sub_title": "Love God. Love Others. Make Disciples",
    "kh_sub_title": "ស្រឡាញ់ព្រះ ស្រឡាញ់អ្នកដទៃ បង្កើតសិស្ស"
}
2024-09-12 14:23:51 [http-nio-8080-exec-10] INFO  k.c.c.service.BackendService - =======> UpdateContentById DB Script Request:
SELECT insert_into_tbl_content('01008001', 'Rebuilding Cambodia', 'កសាងប្រទេសកម្ពុជាឡើងវិញ', 'Love God. Love Others. Make Disciples', 'ស្រឡាញ់ព្រះ ស្រឡាញ់អ្នកដទៃ បង្កើតសិស្ស');
2024-09-12 14:23:51 [http-nio-8080-exec-10] INFO  k.c.c.service.BackendService - =======> DB Script Executed: SELECT insert_into_tbl_content('01008001', 'Rebuilding Cambodia', 'កសាងប្រទេសកម្ពុជាឡើងវិញ', 'Love God. Love Others. Make Disciples', 'ស្រឡាញ់ព្រះ ស្រឡាញ់អ្នកដទៃ បង្កើតសិស្ស')
2024-09-12 14:23:51 [http-nio-8080-exec-10] INFO  k.c.c.service.BackendService - =======> AddNewContent Response: {"code":500,"message":"ERROR: duplicate key value violates unique constraint \"tbl_content_pkey\"\n  Detail: Key (id)=(01008001) already exists.\n  Where: SQL statement \"INSERT INTO public.tbl_content(id, title, kh_title, sub_title, kh_sub_title)\n    VALUES (p_id, p_title, p_kh_title, p_sub_title, p_kh_sub_title)\"\nPL/pgSQL function insert_into_tbl_content(character varying,character varying,character varying,character varying,character varying) line 3 at SQL statement","data":null}
2024-09-12 14:24:06 [http-nio-8080-exec-2] INFO  k.c.c.service.BackendService - =======> GetContentAllLangById Request: id=01008001
2024-09-12 14:24:06 [http-nio-8080-exec-2] INFO  k.c.c.service.BackendService - =======> GetContentAllLangById Response: {"code":200,"message":"Success","data":{"id":"01008001","title":"Rebuilding Cambodia","kh_title":"កសាងប្រទេសកម្ពុជាឡើងវិញ","sub_title":"Love God. Love Others. Make Disciples","kh_sub_title":"ស្រឡាញ់ព្រះ ស្រឡាញ់អ្នកដទៃ បង្កើតសិស្ស","description":[],"media":[],"youtube":[]}}
2024-09-12 14:24:09 [http-nio-8080-exec-3] INFO  k.c.c.service.BackendService - =======> UpdateContentById Request: {
    "id": "01008001",
    "title": "Rebuilding Cambodia",
    "kh_title": "កសាងប្រទេសកម្ពុជាឡើងវិញ",
    "sub_title": "Love God. Love Others. Make Disciples",
    "kh_sub_title": "ស្រឡាញ់ព្រះ ស្រឡាញ់អ្នកដទៃ បង្កើតសិស្ស"
}
2024-09-12 14:24:09 [http-nio-8080-exec-3] INFO  k.c.c.service.BackendService - =======> UpdateContentById DB Script Request:
UPDATE tbl_content SET title = 'Rebuilding Cambodia', kh_title = 'កសាងប្រទេសកម្ពុជាឡើងវិញ', sub_title = 'Love God. Love Others. Make Disciples', kh_sub_title = 'ស្រឡាញ់ព្រះ ស្រឡាញ់អ្នកដទៃ បង្កើតសិស្ស' WHERE id = '01008001';
2024-09-12 14:24:09 [http-nio-8080-exec-3] INFO  k.c.c.service.BackendService - =======> UpdateContentById Response: {"code":200,"message":"Record updated successfully","data":null}
2024-09-12 14:24:17 [http-nio-8080-exec-4] INFO  k.c.c.service.BackendService - =======> UpdateContentById Request: {
    "id": "01008001",
    "title": "Rebuilding's Cambodia",
    "kh_title": "កសាងប្រទេសកម្ពុជាឡើងវិញ",
    "sub_title": "Love God. Love Others. Make Disciples",
    "kh_sub_title": "ស្រឡាញ់ព្រះ ស្រឡាញ់អ្នកដទៃ បង្កើតសិស្ស"
}
2024-09-12 14:24:17 [http-nio-8080-exec-4] INFO  k.c.c.service.BackendService - =======> UpdateContentById DB Script Request:
UPDATE tbl_content SET title = 'Rebuilding's Cambodia', kh_title = 'កសាងប្រទេសកម្ពុជាឡើងវិញ', sub_title = 'Love God. Love Others. Make Disciples', kh_sub_title = 'ស្រឡាញ់ព្រះ ស្រឡាញ់អ្នកដទៃ បង្កើតសិស្ស' WHERE id = '01008001';
2024-09-12 14:24:17 [http-nio-8080-exec-4] INFO  k.c.c.service.BackendService - =======> UpdateContentById Response: {"code":500,"message":"Unterminated string literal started at position 223 in SQL UPDATE tbl_content SET title = 'Rebuilding's Cambodia', kh_title = 'កសាងប្រទេសកម្ពុជាឡើងវិញ', sub_title = 'Love God. Love Others. Make Disciples', kh_sub_title = 'ស្រឡាញ់ព្រះ ស្រឡាញ់អ្នកដទៃ បង្កើតសិស្ស' WHERE id = '01008001';. Expected  char","data":null}
2024-09-12 14:24:24 [http-nio-8080-exec-6] INFO  k.c.c.service.BackendService - =======> UpdateContentById Request: {
    "id": "01008001",
    "title": "Rebuilding''s Cambodia",
    "kh_title": "កសាងប្រទេសកម្ពុជាឡើងវិញ",
    "sub_title": "Love God. Love Others. Make Disciples",
    "kh_sub_title": "ស្រឡាញ់ព្រះ ស្រឡាញ់អ្នកដទៃ បង្កើតសិស្ស"
}
2024-09-12 14:24:24 [http-nio-8080-exec-6] INFO  k.c.c.service.BackendService - =======> UpdateContentById DB Script Request:
UPDATE tbl_content SET title = 'Rebuilding''s Cambodia', kh_title = 'កសាងប្រទេសកម្ពុជាឡើងវិញ', sub_title = 'Love God. Love Others. Make Disciples', kh_sub_title = 'ស្រឡាញ់ព្រះ ស្រឡាញ់អ្នកដទៃ បង្កើតសិស្ស' WHERE id = '01008001';
2024-09-12 14:24:24 [http-nio-8080-exec-6] INFO  k.c.c.service.BackendService - =======> UpdateContentById Response: {"code":200,"message":"Record updated successfully","data":null}
2024-09-12 14:24:28 [http-nio-8080-exec-7] INFO  k.c.c.service.BackendService - =======> GetContentAllLangById Request: id=01008001
2024-09-12 14:24:28 [http-nio-8080-exec-7] INFO  k.c.c.service.BackendService - =======> GetContentAllLangById Response: {"code":200,"message":"Success","data":{"id":"01008001","title":"Rebuilding's Cambodia","kh_title":"កសាងប្រទេសកម្ពុជាឡើងវិញ","sub_title":"Love God. Love Others. Make Disciples","kh_sub_title":"ស្រឡាញ់ព្រះ ស្រឡាញ់អ្នកដទៃ បង្កើតសិស្ស","description":[],"media":[],"youtube":[]}}
2024-09-12 14:24:44 [http-nio-8080-exec-8] INFO  k.c.c.service.BackendService - =======> AddNewContent Request: {
    "id": "01008002",
    "title": "Rebuilding Cambodia",
    "kh_title": "កសាងប្រទេសកម្ពុជាឡើងវិញ",
    "sub_title": "Love God's. Love Others. Make Disciples",
    "kh_sub_title": "ស្រឡាញ់ព្រះ ស្រឡាញ់អ្នកដទៃ បង្កើតសិស្ស"
}
2024-09-12 14:24:44 [http-nio-8080-exec-8] INFO  k.c.c.service.BackendService - =======> UpdateContentById DB Script Request:
SELECT insert_into_tbl_content('01008002', 'Rebuilding Cambodia', 'កសាងប្រទេសកម្ពុជាឡើងវិញ', 'Love God's. Love Others. Make Disciples', 'ស្រឡាញ់ព្រះ ស្រឡាញ់អ្នកដទៃ បង្កើតសិស្ស');
2024-09-12 14:24:44 [http-nio-8080-exec-8] INFO  k.c.c.service.BackendService - =======> DB Script Executed: SELECT insert_into_tbl_content('01008002', 'Rebuilding Cambodia', 'កសាងប្រទេសកម្ពុជាឡើងវិញ', 'Love God's. Love Others. Make Disciples', 'ស្រឡាញ់ព្រះ ស្រឡាញ់អ្នកដទៃ បង្កើតសិស្ស')
2024-09-12 14:24:44 [http-nio-8080-exec-8] INFO  k.c.c.service.BackendService - =======> AddNewContent Response: {"code":500,"message":"Unterminated string literal started at position 175 in SQL SELECT insert_into_tbl_content('01008002', 'Rebuilding Cambodia', 'កសាងប្រទេសកម្ពុជាឡើងវិញ', 'Love God's. Love Others. Make Disciples', 'ស្រឡាញ់ព្រះ ស្រឡាញ់អ្នកដទៃ បង្កើតសិស្ស'). Expected  char","data":null}
2024-09-12 14:24:51 [http-nio-8080-exec-10] INFO  k.c.c.service.BackendService - =======> AddNewContent Request: {
    "id": "01008001",
    "title": "Rebuilding Cambodia",
    "kh_title": "កសាងប្រទេសកម្ពុជាឡើងវិញ",
    "sub_title": "Love God. Love Others. Make Disciples",
    "kh_sub_title": "ស្រឡាញ់ព្រះ ស្រឡាញ់អ្នកដទៃ បង្កើតសិស្ស"
}
2024-09-12 14:24:51 [http-nio-8080-exec-10] INFO  k.c.c.service.BackendService - =======> UpdateContentById DB Script Request:
SELECT insert_into_tbl_content('01008001', 'Rebuilding Cambodia', 'កសាងប្រទេសកម្ពុជាឡើងវិញ', 'Love God. Love Others. Make Disciples', 'ស្រឡាញ់ព្រះ ស្រឡាញ់អ្នកដទៃ បង្កើតសិស្ស');
2024-09-12 14:24:51 [http-nio-8080-exec-10] INFO  k.c.c.service.BackendService - =======> DB Script Executed: SELECT insert_into_tbl_content('01008001', 'Rebuilding Cambodia', 'កសាងប្រទេសកម្ពុជាឡើងវិញ', 'Love God. Love Others. Make Disciples', 'ស្រឡាញ់ព្រះ ស្រឡាញ់អ្នកដទៃ បង្កើតសិស្ស')
2024-09-12 14:24:51 [http-nio-8080-exec-10] INFO  k.c.c.service.BackendService - =======> AddNewContent Response: {"code":500,"message":"ERROR: duplicate key value violates unique constraint \"tbl_content_pkey\"\n  Detail: Key (id)=(01008001) already exists.\n  Where: SQL statement \"INSERT INTO public.tbl_content(id, title, kh_title, sub_title, kh_sub_title)\n    VALUES (p_id, p_title, p_kh_title, p_sub_title, p_kh_sub_title)\"\nPL/pgSQL function insert_into_tbl_content(character varying,character varying,character varying,character varying,character varying) line 3 at SQL statement","data":null}
2024-09-12 14:26:03 [http-nio-8080-exec-2] INFO  k.c.c.service.BackendService - =======> UpdateContentById Request: {
    "id": "01008001",
    "title": "Rebuilding Cambodia",
    "kh_title": "កសាងប្រទេសកម្ពុជាឡើងវិញ",
    "sub_title": "Love God. Love Others. Make Disciples",
    "kh_sub_title": "ស្រឡាញ់ព្រះ ស្រឡាញ់អ្នកដទៃ បង្កើតសិស្ស"
}
2024-09-12 14:26:03 [http-nio-8080-exec-2] INFO  k.c.c.service.BackendService - =======> UpdateContentById DB Script Request:
UPDATE tbl_content SET title = 'Rebuilding Cambodia', kh_title = 'កសាងប្រទេសកម្ពុជាឡើងវិញ', sub_title = 'Love God. Love Others. Make Disciples', kh_sub_title = 'ស្រឡាញ់ព្រះ ស្រឡាញ់អ្នកដទៃ បង្កើតសិស្ស' WHERE id = '01008001';
2024-09-12 14:26:03 [http-nio-8080-exec-2] INFO  k.c.c.service.BackendService - =======> UpdateContentById Response: {"code":200,"message":"Record updated successfully","data":null}
2024-09-12 14:26:08 [http-nio-8080-exec-3] INFO  k.c.c.service.BackendService - =======> GetContentAllLangById Request: id=01008001
2024-09-12 14:26:08 [http-nio-8080-exec-3] INFO  k.c.c.service.BackendService - =======> GetContentAllLangById Response: {"code":200,"message":"Success","data":{"id":"01008001","title":"Rebuilding Cambodia","kh_title":"កសាងប្រទេសកម្ពុជាឡើងវិញ","sub_title":"Love God. Love Others. Make Disciples","kh_sub_title":"ស្រឡាញ់ព្រះ ស្រឡាញ់អ្នកដទៃ បង្កើតសិស្ស","description":[],"media":[],"youtube":[]}}
2024-09-12 14:26:37 [http-nio-8080-exec-4] INFO  k.c.c.service.BackendService - =======> GetAllContentId Request: endpoint=/cr-web-backend/api/v1/getAllContentId
2024-09-12 14:26:38 [http-nio-8080-exec-4] INFO  k.c.c.service.BackendService - =======> GetAllContentId Response: {"code":200,"message":"Success","data":{"content_id":["01001001","01002001","01003001","01003002","01003003","01003004","01004001","01004002","01005001","01006001","01006002","01006003","01007001","01008001"]}}
2024-09-12 14:27:47 [http-nio-8080-exec-7] INFO  k.c.c.service.BackendService - =======> GetContentAllLangById Request: id=01008001
2024-09-12 14:27:47 [http-nio-8080-exec-7] INFO  k.c.c.service.BackendService - =======> GetContentAllLangById Response: {"code":404,"message":"Content ID not found","data":null}
2024-09-12 14:27:51 [http-nio-8080-exec-8] INFO  k.c.c.service.BackendService - =======> UpdateContentById Request: {
    "id": "01008001",
    "title": "Rebuilding Cambodia",
    "kh_title": "កសាងប្រទេសកម្ពុជាឡើងវិញ",
    "sub_title": "Love God. Love Others. Make Disciples",
    "kh_sub_title": "ស្រឡាញ់ព្រះ ស្រឡាញ់អ្នកដទៃ បង្កើតសិស្ស"
}
2024-09-12 14:27:51 [http-nio-8080-exec-8] INFO  k.c.c.service.BackendService - =======> UpdateContentById DB Script Request:
UPDATE tbl_content SET title = 'Rebuilding Cambodia', kh_title = 'កសាងប្រទេសកម្ពុជាឡើងវិញ', sub_title = 'Love God. Love Others. Make Disciples', kh_sub_title = 'ស្រឡាញ់ព្រះ ស្រឡាញ់អ្នកដទៃ បង្កើតសិស្ស' WHERE id = '01008001';
2024-09-12 14:27:52 [http-nio-8080-exec-8] INFO  k.c.c.service.BackendService - =======> UpdateContentById Response: {"code":200,"message":"No record found to update","data":null}
2024-09-12 14:37:09 [RMI TCP Connection(2)-127.0.0.1] INFO  o.s.b.a.SpringApplicationAdminMXBeanRegistrar$SpringApplicationAdmin - Application shutdown requested.2024-09-12 14:37:09 [RMI TCP Connection(2)-127.0.0.1] INFO  o.s.s.c.ThreadPoolTaskExecutor - Shutting down ExecutorService 'applicationTaskExecutor'2024-09-12 14:48:33 [restartedMain] INFO  kh.com.crossroads.Application - Starting Application using Java 1.8.0_401 on MDC-18134 with PID 28060 (D:\Then Rathrongroeung\My Project\Spring\cr-web-backend\target\classes started by 18134 in D:\Then Rathrongroeung\My Project\Spring\cr-web-backend)2024-09-12 14:48:33 [restartedMain] INFO  kh.com.crossroads.Application - No active profile set, falling back to default profiles: default2024-09-12 14:48:33 [restartedMain] INFO  o.s.b.d.e.DevToolsPropertyDefaultsPostProcessor - Devtools property defaults active! Set 'spring.devtools.add-properties' to 'false' to disable2024-09-12 14:48:33 [restartedMain] INFO  o.s.b.d.e.DevToolsPropertyDefaultsPostProcessor - For additional web related logging consider setting the 'logging.level.web' property to 'DEBUG'2024-09-12 14:48:34 [restartedMain] INFO  o.s.b.w.e.tomcat.TomcatWebServer - Tomcat initialized with port(s): 8080 (http)2024-09-12 14:48:34 [restartedMain] INFO  o.a.coyote.http11.Http11NioProtocol - Initializing ProtocolHandler ["http-nio-8080"]2024-09-12 14:48:34 [restartedMain] INFO  o.a.catalina.core.StandardService - Starting service [Tomcat]2024-09-12 14:48:34 [restartedMain] INFO  o.a.catalina.core.StandardEngine - Starting Servlet engine: [Apache Tomcat/9.0.43]2024-09-12 14:48:34 [restartedMain] INFO  o.a.c.c.C.[Tomcat].[localhost].[/] - Initializing Spring embedded WebApplicationContext2024-09-12 14:48:34 [restartedMain] INFO  o.s.b.w.s.c.ServletWebServerApplicationContext - Root WebApplicationContext: initialization completed in 712 ms2024-09-12 14:48:34 [restartedMain] INFO  o.s.s.c.ThreadPoolTaskExecutor - Initializing ExecutorService 'applicationTaskExecutor'2024-09-12 14:48:35 [restartedMain] INFO  o.s.b.d.a.OptionalLiveReloadServer - LiveReload server is running on port 357292024-09-12 14:48:35 [restartedMain] INFO  o.a.coyote.http11.Http11NioProtocol - Starting ProtocolHandler ["http-nio-8080"]2024-09-12 14:48:35 [restartedMain] INFO  o.s.b.w.e.tomcat.TomcatWebServer - Tomcat started on port(s): 8080 (http) with context path ''2024-09-12 14:48:35 [restartedMain] INFO  kh.com.crossroads.Application - Started Application in 1.681 seconds (JVM running for 2.361)2024-09-12 14:48:43 [http-nio-8080-exec-2] INFO  o.a.c.c.C.[Tomcat].[localhost].[/] - Initializing Spring DispatcherServlet 'dispatcherServlet'2024-09-12 14:48:43 [http-nio-8080-exec-2] INFO  o.s.web.servlet.DispatcherServlet - Initializing Servlet 'dispatcherServlet'2024-09-12 14:48:43 [http-nio-8080-exec-2] INFO  o.s.web.servlet.DispatcherServlet - Completed initialization in 1 ms2024-09-12 14:48:43 [http-nio-8080-exec-2] INFO  k.c.c.service.BackendService - =======> GetContentAllLangById Request: id=01008001
2024-09-12 14:48:43 [http-nio-8080-exec-2] INFO  k.c.c.service.BackendService - =======> GetContentAllLangById Response: {"code":404,"message":"Content ID not found","data":null}
2024-09-12 14:49:00 [http-nio-8080-exec-3] INFO  k.c.c.service.BackendService - =======> AddNewContent Request: {
    "id": "01008001",
    "title": "Rebuilding's Cambodia",
    "kh_title": "កសាងប្រទេសកម្ពុជាឡើងវិញ",
    "sub_title": "Love God's. Love Others'. Make Disciples",
    "kh_sub_title": "ស្រឡាញ់ព្រះ ស្រឡាញ់អ្នកដទៃ បង្កើតសិស្ស"
}
2024-09-12 14:49:00 [http-nio-8080-exec-3] INFO  k.c.c.service.BackendService - =======> UpdateContentById DB Script Request:
SELECT insert_into_tbl_content('01008001', 'Rebuilding''s Cambodia', 'កសាងប្រទេសកម្ពុជាឡើងវិញ', 'Love God''s. Love Others''. Make Disciples', 'ស្រឡាញ់ព្រះ ស្រឡាញ់អ្នកដទៃ បង្កើតសិស្ស');
2024-09-12 14:49:00 [http-nio-8080-exec-3] INFO  k.c.c.service.BackendService - =======> DB Script Executed: SELECT insert_into_tbl_content('01008001', 'Rebuilding''s Cambodia', 'កសាងប្រទេសកម្ពុជាឡើងវិញ', 'Love God''s. Love Others''. Make Disciples', 'ស្រឡាញ់ព្រះ ស្រឡាញ់អ្នកដទៃ បង្កើតសិស្ស')
2024-09-12 14:49:00 [http-nio-8080-exec-3] INFO  k.c.c.service.BackendService - =======> AddNewContent Response: {"code":200,"message":"Record added successfully","data":null}
2024-09-12 14:49:03 [http-nio-8080-exec-4] INFO  k.c.c.service.BackendService - =======> GetContentAllLangById Request: id=01008001
2024-09-12 14:49:03 [http-nio-8080-exec-4] INFO  k.c.c.service.BackendService - =======> GetContentAllLangById Response: {"code":200,"message":"Success","data":{"id":"01008001","title":"Rebuilding's Cambodia","kh_title":"កសាងប្រទេសកម្ពុជាឡើងវិញ","sub_title":"Love God's. Love Others'. Make Disciples","kh_sub_title":"ស្រឡាញ់ព្រះ ស្រឡាញ់អ្នកដទៃ បង្កើតសិស្ស","description":[],"media":[],"youtube":[]}}
2024-09-12 17:22:28 [RMI TCP Connection(2)-127.0.0.1] INFO  o.s.b.a.SpringApplicationAdminMXBeanRegistrar$SpringApplicationAdmin - Application shutdown requested.2024-09-12 17:22:28 [RMI TCP Connection(2)-127.0.0.1] INFO  o.s.s.c.ThreadPoolTaskExecutor - Shutting down ExecutorService 'applicationTaskExecutor'